<?xml version="1.0" encoding="UTF-8"?>
<!-- Generated by org.testng.reporters.JUnitReportReporter -->
<testsuite hostname="QSP" failures="0" tests="1" name="testscripts.Tstcase4" time="0.007" errors="0" timestamp="2022-02-18T08:48:44 IST" skipped="0">
  <testcase classname="testscripts.Tstcase4" name="tc4" time="0.007"/>
  <system-out>
hello python  </system-out>
</testsuite> <!-- testscripts.Tstcase4 -->
