<?xml version="1.0" encoding="UTF-8"?>
<!-- Generated by org.testng.reporters.JUnitReportReporter -->
<testsuite hostname="QSP" failures="0" tests="1" name="testscripts.Tstcase3" time="0.009" errors="0" timestamp="2022-02-18T08:48:44 IST" skipped="0">
  <testcase classname="testscripts.Tstcase3" name="tc3" time="0.009"/>
  <system-out>
hello appium  </system-out>
</testsuite> <!-- testscripts.Tstcase3 -->
