<?xml version="1.0" encoding="UTF-8"?>
<!-- Generated by org.testng.reporters.JUnitReportReporter -->
<testsuite hostname="QSP" failures="0" tests="1" name="testscripts.Tstcase2" time="0.006" errors="0" timestamp="2022-02-18T08:48:44 IST" skipped="0">
  <testcase classname="testscripts.Tstcase2" name="tc2" time="0.006"/>
  <system-out>
hello selenium  </system-out>
</testsuite> <!-- testscripts.Tstcase2 -->
